# JRE version: Java(TM) SE Runtime Environment (8.0_60-b27) (build 1.8.0_60-b27)
# Java VM: Java HotSpot(TM) 64-Bit Server VM (25.60-b23 mixed mode bsd-amd64 compressed oops)
Heap:
 PSYoungGen      total 33792K, used 19554K [0x000000076ab00000, 0x000000076ce80000, 0x00000007c0000000)
  eden space 32256K, 60% used [0x000000076ab00000,0x000000076bde8bd8,0x000000076ca80000)
  from space 1536K, 12% used [0x000000076cd00000,0x000000076cd30000,0x000000076ce80000)
  to   space 2048K, 0% used [0x000000076ca80000,0x000000076ca80000,0x000000076cc80000)
 ParOldGen       total 86528K, used 15455K [0x00000006c0000000, 0x00000006c5480000, 0x000000076ab00000)
  object space 86528K, 17% used [0x00000006c0000000,0x00000006c0f17e08,0x00000006c5480000)
 Metaspace       used 21085K, capacity 21271K, committed 21552K, reserved 1069056K
  class space    used 2045K, capacity 2112K, committed 2176K, reserved 1048576K
GC Heap History (10 events):
Event: 562.123 GC heap before
{Heap before GC invocations=47 (full 1):
 PSYoungGen      total 35328K, used 34976K [0x000000076ab00000, 0x000000076d200000, 0x00000007c0000000)
  eden space 34816K, 100% used [0x000000076ab00000,0x000000076cd00000,0x000000076cd00000)
  from space 512K, 31% used [0x000000076cd80000,0x000000076cda8000,0x000000076ce00000)
  to   space 2560K, 0% used [0x000000076cf80000,0x000000076cf80000,0x000000076d200000)
 ParOldGen       total 86528K, used 15447K [0x00000006c0000000, 0x00000006c5480000, 0x000000076ab00000)
  object space 86528K, 17% used [0x00000006c0000000,0x00000006c0f15e08,0x00000006c5480000)
 Metaspace       used 20993K, capacity 21175K, committed 21552K, reserved 1069056K
  class space    used 2029K, capacity 2080K, committed 2176K, reserved 1048576K
Event: 562.124 GC heap after
Heap after GC invocations=47 (full 1):
 PSYoungGen      total 36352K, used 160K [0x000000076ab00000, 0x000000076d180000, 0x00000007c0000000)
  eden space 34304K, 0% used [0x000000076ab00000,0x000000076ab00000,0x000000076cc80000)
  from space 2048K, 7% used [0x000000076cf80000,0x000000076cfa8000,0x000000076d180000)
  to   space 2560K, 0% used [0x000000076cc80000,0x000000076cc80000,0x000000076cf00000)
 ParOldGen       total 86528K, used 15447K [0x00000006c0000000, 0x00000006c5480000, 0x000000076ab00000)
  object space 86528K, 17% used [0x00000006c0000000,0x00000006c0f15e08,0x00000006c5480000)
 Metaspace       used 20993K, capacity 21175K, committed 21552K, reserved 1069056K
  class space    used 2029K, capacity 2080K, committed 2176K, reserved 1048576K
}
Event: 571.174 GC heap before
{Heap before GC invocations=48 (full 1):
 PSYoungGen      total 36352K, used 34464K [0x000000076ab00000, 0x000000076d180000, 0x00000007c0000000)
  eden space 34304K, 100% used [0x000000076ab00000,0x000000076cc80000,0x000000076cc80000)
  from space 2048K, 7% used [0x000000076cf80000,0x000000076cfa8000,0x000000076d180000)
  to   space 2560K, 0% used [0x000000076cc80000,0x000000076cc80000,0x000000076cf00000)
 ParOldGen       total 86528K, used 15447K [0x00000006c0000000, 0x00000006c5480000, 0x000000076ab00000)
  object space 86528K, 17% used [0x00000006c0000000,0x00000006c0f15e08,0x00000006c5480000)
 Metaspace       used 20993K, capacity 21175K, committed 21552K, reserved 1069056K
  class space    used 2029K, capacity 2080K, committed 2176K, reserved 1048576K
Event: 571.175 GC heap after
Heap after GC invocations=48 (full 1):
 PSYoungGen      total 34304K, used 160K [0x000000076ab00000, 0x000000076d100000, 0x00000007c0000000)
  eden space 33792K, 0% used [0x000000076ab00000,0x000000076ab00000,0x000000076cc00000)
  from space 512K, 31% used [0x000000076cc80000,0x000000076cca8000,0x000000076cd00000)
  to   space 2560K, 0% used [0x000000076ce80000,0x000000076ce80000,0x000000076d100000)
 ParOldGen       total 86528K, used 15447K [0x00000006c0000000, 0x00000006c5480000, 0x000000076ab00000)
  object space 86528K, 17% used [0x00000006c0000000,0x00000006c0f15e08,0x00000006c5480000)
 Metaspace       used 20993K, capacity 21175K, committed 21552K, reserved 1069056K
  class space    used 2029K, capacity 2080K, committed 2176K, reserved 1048576K
}
Event: 580.026 GC heap before
{Heap before GC invocations=49 (full 1):
 PSYoungGen      total 34304K, used 33952K [0x000000076ab00000, 0x000000076d100000, 0x00000007c0000000)
  eden space 33792K, 100% used [0x000000076ab00000,0x000000076cc00000,0x000000076cc00000)
  from space 512K, 31% used [0x000000076cc80000,0x000000076cca8000,0x000000076cd00000)
  to   space 2560K, 0% used [0x000000076ce80000,0x000000076ce80000,0x000000076d100000)
 ParOldGen       total 86528K, used 15447K [0x00000006c0000000, 0x00000006c5480000, 0x000000076ab00000)
  object space 86528K, 17% used [0x00000006c0000000,0x00000006c0f15e08,0x00000006c5480000)
 Metaspace       used 20993K, capacity 21175K, committed 21552K, reserved 1069056K
  class space    used 2029K, capacity 2080K, committed 2176K, reserved 1048576K
Event: 580.027 GC heap after
Heap after GC invocations=49 (full 1):
 PSYoungGen      total 34304K, used 192K [0x000000076ab00000, 0x000000076cf80000, 0x00000007c0000000)
  eden space 33280K, 0% used [0x000000076ab00000,0x000000076ab00000,0x000000076cb80000)
  from space 1024K, 18% used [0x000000076ce80000,0x000000076ceb0000,0x000000076cf80000)
  to   space 2048K, 0% used [0x000000076cb80000,0x000000076cb80000,0x000000076cd80000)
 ParOldGen       total 86528K, used 15455K [0x00000006c0000000, 0x00000006c5480000, 0x000000076ab00000)
  object space 86528K, 17% used [0x00000006c0000000,0x00000006c0f17e08,0x00000006c5480000)
 Metaspace       used 20993K, capacity 21175K, committed 21552K, reserved 1069056K
  class space    used 2029K, capacity 2080K, committed 2176K, reserved 1048576K
}
Event: 588.727 GC heap before
{Heap before GC invocations=50 (full 1):
 PSYoungGen      total 34304K, used 33472K [0x000000076ab00000, 0x000000076cf80000, 0x00000007c0000000)
  eden space 33280K, 100% used [0x000000076ab00000,0x000000076cb80000,0x000000076cb80000)
  from space 1024K, 18% used [0x000000076ce80000,0x000000076ceb0000,0x000000076cf80000)
  to   space 2048K, 0% used [0x000000076cb80000,0x000000076cb80000,0x000000076cd80000)
 ParOldGen       total 86528K, used 15455K [0x00000006c0000000, 0x00000006c5480000, 0x000000076ab00000)
  object space 86528K, 17% used [0x00000006c0000000,0x00000006c0f17e08,0x00000006c5480000)
 Metaspace       used 20993K, capacity 21175K, committed 21552K, reserved 1069056K
  class space    used 2029K, capacity 2080K, committed 2176K, reserved 1048576K
Event: 588.728 GC heap after
Heap after GC invocations=50 (full 1):
 PSYoungGen      total 33280K, used 224K [0x000000076ab00000, 0x000000076cf00000, 0x00000007c0000000)
  eden space 32768K, 0% used [0x000000076ab00000,0x000000076ab00000,0x000000076cb00000)
  from space 512K, 43% used [0x000000076cb80000,0x000000076cbb8000,0x000000076cc00000)
  to   space 2048K, 0% used [0x000000076cd00000,0x000000076cd00000,0x000000076cf00000)
 ParOldGen       total 86528K, used 15455K [0x00000006c0000000, 0x00000006c5480000, 0x000000076ab00000)
  object space 86528K, 17% used [0x00000006c0000000,0x00000006c0f17e08,0x00000006c5480000)
 Metaspace       used 20993K, capacity 21175K, committed 21552K, reserved 1069056K
  class space    used 2029K, capacity 2080K, committed 2176K, reserved 1048576K
}
Event: 597.348 GC heap before
{Heap before GC invocations=51 (full 1):
 PSYoungGen      total 33280K, used 32992K [0x000000076ab00000, 0x000000076cf00000, 0x00000007c0000000)
  eden space 32768K, 100% used [0x000000076ab00000,0x000000076cb00000,0x000000076cb00000)
  from space 512K, 43% used [0x000000076cb80000,0x000000076cbb8000,0x000000076cc00000)
  to   space 2048K, 0% used [0x000000076cd00000,0x000000076cd00000,0x000000076cf00000)
 ParOldGen       total 86528K, used 15455K [0x00000006c0000000, 0x00000006c5480000, 0x000000076ab00000)
  object space 86528K, 17% used [0x00000006c0000000,0x00000006c0f17e08,0x00000006c5480000)
 Metaspace       used 20993K, capacity 21175K, committed 21552K, reserved 1069056K
  class space    used 2029K, capacity 2080K, committed 2176K, reserved 1048576K
Event: 597.351 GC heap after
Heap after GC invocations=51 (full 1):
 PSYoungGen      total 33792K, used 192K [0x000000076ab00000, 0x000000076ce80000, 0x00000007c0000000)
  eden space 32256K, 0% used [0x000000076ab00000,0x000000076ab00000,0x000000076ca80000)
  from space 1536K, 12% used [0x000000076cd00000,0x000000076cd30000,0x000000076ce80000)
  to   space 2048K, 0% used [0x000000076ca80000,0x000000076ca80000,0x000000076cc80000)
 ParOldGen       total 86528K, used 15455K [0x00000006c0000000, 0x00000006c5480000, 0x000000076ab00000)
  object space 86528K, 17% used [0x00000006c0000000,0x00000006c0f17e08,0x00000006c5480000)
 Metaspace       used 20993K, capacity 21175K, committed 21552K, reserved 1069056K
  class space    used 2029K, capacity 2080K, committed 2176K, reserved 1048576K
}

